<?xml version="1.0" encoding="UTF-8"?>
<testsuite xmlns:xsi="http://www.w3.org/2001/XMLSchema-instance" xsi:noNamespaceSchemaLocation="https://maven.apache.org/surefire/maven-surefire-plugin/xsd/surefire-test-report-3.0.xsd" version="3.0" name="com.DINESH.FileHandler.FileHandlerApplicationTests" time="24.875" tests="1" errors="0" skipped="0" failures="0">
  <properties>
[...]
</properties>
  <testcase name="contextLoads" classname="com.DINESH.FileHandler.FileHandlerApplicationTests" time="1.59">
    <system-out><![CDATA[16:04:08,552 |-INFO in ch.qos.logback.classic.LoggerContext[default] - This is logback-classic version 1.5.6
16:04:09,421 |-INFO in ch.qos.logback.classic.util.ContextInitializer@413f69cc - Here is a list of configurators discovered as a service, by rank: 
16:04:09,421 |-INFO in ch.qos.logback.classic.util.ContextInitializer@413f69cc -   org.springframework.boot.logging.logback.RootLogLevelConfigurator
16:04:09,421 |-INFO in ch.qos.logback.classic.util.ContextInitializer@413f69cc - They will be invoked in order until ExecutionStatus.DO_NOT_INVOKE_NEXT_IF_ANY is returned.
16:04:09,421 |-INFO in ch.qos.logback.classic.util.ContextInitializer@413f69cc - Constructed configurator of type class org.springframework.boot.logging.logback.RootLogLevelConfigurator
16:04:09,464 |-INFO in ch.qos.logback.classic.util.ContextInitializer@413f69cc - org.springframework.boot.logging.logback.RootLogLevelConfigurator.configure() call lasted 2 milliseconds. ExecutionStatus=INVOKE_NEXT_IF_ANY
16:04:09,464 |-INFO in ch.qos.logback.classic.util.ContextInitializer@413f69cc - Trying to configure with ch.qos.logback.classic.joran.SerializedModelConfigurator
16:04:09,466 |-INFO in ch.qos.logback.classic.util.ContextInitializer@413f69cc - Constructed configurator of type class ch.qos.logback.classic.joran.SerializedModelConfigurator
16:04:09,469 |-INFO in ch.qos.logback.classic.LoggerContext[default] - Could NOT find resource [logback-test.scmo]
16:04:09,470 |-INFO in ch.qos.logback.classic.LoggerContext[default] - Could NOT find resource [logback.scmo]
16:04:09,470 |-INFO in ch.qos.logback.classic.util.ContextInitializer@413f69cc - ch.qos.logback.classic.joran.SerializedModelConfigurator.configure() call lasted 4 milliseconds. ExecutionStatus=INVOKE_NEXT_IF_ANY
16:04:09,470 |-INFO in ch.qos.logback.classic.util.ContextInitializer@413f69cc - Trying to configure with ch.qos.logback.classic.util.DefaultJoranConfigurator
16:04:09,471 |-INFO in ch.qos.logback.classic.util.ContextInitializer@413f69cc - Constructed configurator of type class ch.qos.logback.classic.util.DefaultJoranConfigurator
16:04:09,471 |-INFO in ch.qos.logback.classic.LoggerContext[default] - Could NOT find resource [logback-test.xml]
16:04:09,476 |-INFO in ch.qos.logback.classic.LoggerContext[default] - Found resource [logback.xml] at [file:/C:/Users/intern2/Documents/DINESH-DEMO-WORKSHOP/Devlopment/MICROSERVICE/File-Handler/target/classes/logback.xml]
16:04:09,866 |-WARN in ch.qos.logback.core.model.processor.IncludeModelHandler - Could not find resource corresponding to [org/springframework/boot/logging/logback/default.xml]
16:04:09,869 |-INFO in ch.qos.logback.core.joran.util.ConfigurationWatchListUtil@1f53a5dc - Adding [jar:file:/C:/Users/intern2/.m2/repository/org/springframework/boot/spring-boot/3.3.2/spring-boot-3.3.2.jar!/org/springframework/boot/logging/logback/console-appender.xml] to configuration watch list.
16:04:09,869 |-INFO in ch.qos.logback.core.joran.spi.ConfigurationWatchList@1b75c2e3 - URL [jar:file:/C:/Users/intern2/.m2/repository/org/springframework/boot/spring-boot/3.3.2/spring-boot-3.3.2.jar!/org/springframework/boot/logging/logback/console-appender.xml] is not of type file
16:04:09,874 |-INFO in ch.qos.logback.core.model.processor.AppenderModelHandler - Processing appender named [CONSOLE]
16:04:09,874 |-INFO in ch.qos.logback.core.model.processor.AppenderModelHandler - About to instantiate appender of type [ch.qos.logback.core.ConsoleAppender]
16:04:09,908 |-INFO in ch.qos.logback.core.model.processor.ImplicitModelHandler - Assuming default type [ch.qos.logback.classic.encoder.PatternLayoutEncoder] for [encoder] property
16:04:09,950 |-INFO in ch.qos.logback.core.model.processor.AppenderModelHandler - Processing appender named [FILE]
16:04:09,950 |-INFO in ch.qos.logback.core.model.processor.AppenderModelHandler - About to instantiate appender of type [ch.qos.logback.core.rolling.RollingFileAppender]
16:04:09,954 |-INFO in ch.qos.logback.core.model.processor.ImplicitModelHandler - Assuming default type [ch.qos.logback.classic.encoder.PatternLayoutEncoder] for [encoder] property
16:04:09,958 |-WARN in ch.qos.logback.core.model.processor.ImplicitModelHandler - Ignoring unknown property [minInde] in [ch.qos.logback.core.rolling.FixedWindowRollingPolicy]
16:04:09,966 |-INFO in ch.qos.logback.core.rolling.FixedWindowRollingPolicy@1984b1f - No compression will be used
16:04:09,966 |-WARN in ch.qos.logback.core.rolling.FixedWindowRollingPolicy@1984b1f - Large window sizes are not allowed.
16:04:09,968 |-WARN in ch.qos.logback.core.rolling.FixedWindowRollingPolicy@1984b1f - MaxIndex reduced to 21
16:04:09,972 |-INFO in ch.qos.logback.core.rolling.RollingFileAppender[FILE] - Active log file name: APPLICATIONLOGGES/LOGFILE.log
16:04:09,972 |-INFO in ch.qos.logback.core.rolling.RollingFileAppender[FILE] - File property is set to [APPLICATIONLOGGES/LOGFILE.log]
16:04:09,973 |-INFO in ch.qos.logback.classic.model.processor.RootLoggerModelHandler - Setting level of ROOT logger to INFO
16:04:09,973 |-INFO in ch.qos.logback.core.model.processor.AppenderRefModelHandler - Attaching appender named [CONSOLE] to Logger[ROOT]
16:04:09,974 |-INFO in ch.qos.logback.core.model.processor.AppenderRefModelHandler - Attaching appender named [FILE] to Logger[ROOT]
16:04:09,975 |-INFO in ch.qos.logback.classic.model.processor.LoggerModelHandler - Setting level of logger [com.DINESH.FileHandler] to DEBUG
16:04:09,975 |-INFO in ch.qos.logback.core.model.processor.DefaultProcessor@3bd323e9 - End of configuration.
16:04:09,976 |-INFO in ch.qos.logback.classic.joran.JoranConfigurator@39ac0c0a - Registering current configuration as safe fallback point
16:04:09,976 |-INFO in ch.qos.logback.classic.util.ContextInitializer@413f69cc - ch.qos.logback.classic.util.DefaultJoranConfigurator.configure() call lasted 505 milliseconds. ExecutionStatus=DO_NOT_INVOKE_NEXT_IF_ANY

2024-09-09 16:04:10.388 INFO  main o.s.t.c.s.AnnotationConfigContextLoaderUtils : Could not detect default configuration classes for test class [com.DINESH.FileHandler.FileHandlerApplicationTests]: FileHandlerApplicationTests does not declare any static, non-private, non-final, nested classes annotated with @Configuration.
2024-09-09 16:04:10.727 INFO  main o.s.b.t.c.SpringBootTestContextBootstrapper : Found @SpringBootConfiguration com.DINESH.FileHandler.FileHandlerApplication for test class com.DINESH.FileHandler.FileHandlerApplicationTests
16:04:15,494 |-WARN in ch.qos.logback.core.model.processor.IncludeModelHandler - Could not find resource corresponding to [org/springframework/boot/logging/logback/default.xml]
16:04:15,494 |-INFO in ch.qos.logback.core.joran.util.ConfigurationWatchListUtil@1f53a5dc - Adding [jar:file:/C:/Users/intern2/.m2/repository/org/springframework/boot/spring-boot/3.3.2/spring-boot-3.3.2.jar!/org/springframework/boot/logging/logback/console-appender.xml] to configuration watch list.
16:04:15,494 |-INFO in ch.qos.logback.core.joran.spi.ConfigurationWatchList@30c3ae63 - URL [jar:file:/C:/Users/intern2/.m2/repository/org/springframework/boot/spring-boot/3.3.2/spring-boot-3.3.2.jar!/org/springframework/boot/logging/logback/console-appender.xml] is not of type file
16:04:15,498 |-INFO in ch.qos.logback.core.model.processor.AppenderModelHandler - Processing appender named [CONSOLE]
16:04:15,498 |-INFO in ch.qos.logback.core.model.processor.AppenderModelHandler - About to instantiate appender of type [ch.qos.logback.core.ConsoleAppender]
16:04:15,499 |-INFO in ch.qos.logback.core.model.processor.ImplicitModelHandler - Assuming default type [ch.qos.logback.classic.encoder.PatternLayoutEncoder] for [encoder] property
16:04:15,499 |-INFO in ch.qos.logback.core.model.processor.AppenderModelHandler - Processing appender named [FILE]
16:04:15,499 |-INFO in ch.qos.logback.core.model.processor.AppenderModelHandler - About to instantiate appender of type [ch.qos.logback.core.rolling.RollingFileAppender]
16:04:15,500 |-INFO in ch.qos.logback.core.model.processor.ImplicitModelHandler - Assuming default type [ch.qos.logback.classic.encoder.PatternLayoutEncoder] for [encoder] property
16:04:15,501 |-WARN in ch.qos.logback.core.model.processor.ImplicitModelHandler - Ignoring unknown property [minInde] in [ch.qos.logback.core.rolling.FixedWindowRollingPolicy]
16:04:15,501 |-INFO in ch.qos.logback.core.rolling.FixedWindowRollingPolicy@58658f63 - No compression will be used
16:04:15,501 |-WARN in ch.qos.logback.core.rolling.FixedWindowRollingPolicy@58658f63 - Large window sizes are not allowed.
16:04:15,501 |-WARN in ch.qos.logback.core.rolling.FixedWindowRollingPolicy@58658f63 - MaxIndex reduced to 21
16:04:15,501 |-INFO in ch.qos.logback.core.rolling.RollingFileAppender[FILE] - Active log file name: APPLICATIONLOGGES/LOGFILE.log
16:04:15,501 |-INFO in ch.qos.logback.core.rolling.RollingFileAppender[FILE] - File property is set to [APPLICATIONLOGGES/LOGFILE.log]
16:04:15,502 |-INFO in ch.qos.logback.classic.model.processor.RootLoggerModelHandler - Setting level of ROOT logger to INFO
16:04:15,502 |-INFO in ch.qos.logback.classic.jul.LevelChangePropagator@54e12f4c - Propagating INFO level on Logger[ROOT] onto the JUL framework
16:04:15,503 |-INFO in ch.qos.logback.core.model.processor.AppenderRefModelHandler - Attaching appender named [CONSOLE] to Logger[ROOT]
16:04:15,503 |-INFO in ch.qos.logback.core.model.processor.AppenderRefModelHandler - Attaching appender named [FILE] to Logger[ROOT]
16:04:15,503 |-INFO in ch.qos.logback.classic.model.processor.LoggerModelHandler - Setting level of logger [com.DINESH.FileHandler] to DEBUG
16:04:15,503 |-INFO in ch.qos.logback.classic.jul.LevelChangePropagator@54e12f4c - Propagating DEBUG level on Logger[com.DINESH.FileHandler] onto the JUL framework
16:04:15,503 |-INFO in ch.qos.logback.core.model.processor.DefaultProcessor@60990e5c - End of configuration.
16:04:15,503 |-INFO in org.springframework.boot.logging.logback.SpringBootJoranConfigurator@4d84049a - Registering current configuration as safe fallback point


  .   ____          _            __ _ _
 /\\ / ___'_ __ _ _(_)_ __  __ _ \ \ \ \
( ( )\___ | '_ | '_| | '_ \/ _` | \ \ \ \
 \\/  ___)| |_)| | | | | || (_| |  ) ) ) )
  '  |____| .__|_| |_|_| |_\__, | / / / /
 =========|_|==============|___/=/_/_/_/

 :: Spring Boot ::                (v3.3.2)

2024-09-09 16:04:16.106 INFO  main c.D.F.FileHandlerApplicationTests : Starting FileHandlerApplicationTests using Java 22.0.1 with PID 13780 (started by intern2 in C:\Users\intern2\Documents\DINESH-DEMO-WORKSHOP\Devlopment\MICROSERVICE\File-Handler)
2024-09-09 16:04:16.108 DEBUG main c.D.F.FileHandlerApplicationTests : Running with Spring Boot v3.3.2, Spring v6.1.11
2024-09-09 16:04:16.110 INFO  main c.D.F.FileHandlerApplicationTests : The following 9 profiles are active: "common", "prod_eureka", "common_log", "common_db", "prod_db", "prod_port", "common_filehandler", "prod_filehandler", "prod_commoncdn"
2024-09-09 16:04:16.184 INFO  main o.s.c.c.c.ConfigServerConfigDataLoader : Fetching config from server at : https://servicemaintainer-2dxj.onrender.com
2024-09-09 16:04:16.184 INFO  main o.s.c.c.c.ConfigServerConfigDataLoader : Located environment: name=application, profiles=[default], label=WhiteKite, version=6d3d90bb2103c0e85a82cb3701b99c3f5f15e9db, state=null
2024-09-09 16:04:16.185 INFO  main o.s.c.c.c.ConfigServerConfigDataLoader : Fetching config from server at : https://servicemaintainer-2dxj.onrender.com
2024-09-09 16:04:16.185 INFO  main o.s.c.c.c.ConfigServerConfigDataLoader : Located environment: name=application, profiles=[common,prod_eureka,common_log,common_db,prod_db,prod_port,common_filehandler,prod_filehandler,prod_commoncdn], label=WhiteKite, version=6d3d90bb2103c0e85a82cb3701b99c3f5f15e9db, state=null
2024-09-09 16:04:18.942 INFO  main o.s.d.r.c.RepositoryConfigurationDelegate : Bootstrapping Spring Data JPA repositories in DEFAULT mode.
2024-09-09 16:04:18.990 INFO  main o.s.d.r.c.RepositoryConfigurationDelegate : Finished Spring Data repository scanning in 28 ms. Found 0 JPA repository interfaces.
2024-09-09 16:04:19.644 INFO  main o.s.cloud.context.scope.GenericScope : BeanFactory id=798b265e-b85c-3c0b-8c67-9f38dc1f9c28
2024-09-09 16:04:20.756 WARN  main o.s.c.s.PostProcessorRegistrationDelegate$BeanPostProcessorChecker : Bean 'org.springframework.cloud.client.loadbalancer.LoadBalancerAutoConfiguration$DeferringLoadBalancerInterceptorConfig' of type [org.springframework.cloud.client.loadbalancer.LoadBalancerAutoConfiguration$DeferringLoadBalancerInterceptorConfig] is not eligible for getting processed by all BeanPostProcessors (for example: not eligible for auto-proxying). The currently created BeanPostProcessor [lbRestClientPostProcessor] is declared through a non-static factory method on that class; consider declaring it as static instead.
2024-09-09 16:04:20.761 WARN  main o.s.c.s.PostProcessorRegistrationDelegate$BeanPostProcessorChecker : Bean 'deferringLoadBalancerInterceptor' of type [org.springframework.cloud.client.loadbalancer.DeferringLoadBalancerInterceptor] is not eligible for getting processed by all BeanPostProcessors (for example: not eligible for auto-proxying). Is this bean getting eagerly injected into a currently created BeanPostProcessor [lbRestClientPostProcessor]? Check the corresponding BeanPostProcessor declaration and its dependencies.
2024-09-09 16:04:21.276 INFO  main o.h.jpa.internal.util.LogHelper : HHH000204: Processing PersistenceUnitInfo [name: default]
2024-09-09 16:04:21.461 INFO  main org.hibernate.Version : HHH000412: Hibernate ORM core version 6.5.2.Final
2024-09-09 16:04:21.546 INFO  main o.h.c.i.RegionFactoryInitiator : HHH000026: Second-level cache disabled
2024-09-09 16:04:22.421 INFO  main o.s.o.j.p.SpringPersistenceUnitInfo : No LoadTimeWeaver setup: ignoring JPA class transformer
2024-09-09 16:04:22.492 INFO  main com.zaxxer.hikari.HikariDataSource : HikariPool-1 - Starting...
2024-09-09 16:04:23.438 INFO  main com.zaxxer.hikari.pool.HikariPool : HikariPool-1 - Added connection org.postgresql.jdbc.PgConnection@5248c05a
2024-09-09 16:04:23.440 INFO  main com.zaxxer.hikari.HikariDataSource : HikariPool-1 - Start completed.
2024-09-09 16:04:23.981 WARN  main org.hibernate.orm.deprecation : HHH90000025: PostgreSQLDialect does not need to be specified explicitly using 'hibernate.dialect' (remove the property setting and it will be selected by default)
2024-09-09 16:04:24.647 INFO  main o.h.e.t.j.p.i.JtaPlatformInitiator : HHH000489: No JTA platform available (set 'hibernate.transaction.jta.platform' to enable JTA platform integration)
2024-09-09 16:04:24.654 INFO  main o.s.o.j.LocalContainerEntityManagerFactoryBean : Initialized JPA EntityManagerFactory for persistence unit 'default'
2024-09-09 16:04:25.696 WARN  main o.s.b.a.o.j.JpaBaseConfiguration$JpaWebConfiguration : spring.jpa.open-in-view is enabled by default. Therefore, database queries may be performed during view rendering. Explicitly configure spring.jpa.open-in-view to disable this warning
2024-09-09 16:04:29.119 INFO  main o.s.c.n.e.c.DiscoveryClientOptionalArgsConfiguration : Eureka HTTP Client uses RestTemplate.
2024-09-09 16:04:29.230 WARN  main o.s.c.l.c.LoadBalancerCacheAutoConfiguration$LoadBalancerCaffeineWarnLogger : Spring Cloud LoadBalancer is currently working with the default cache. While this cache implementation is useful for development and tests, it's recommended to use Caffeine cache in production.You can switch to using Caffeine cache, by adding it and org.springframework.cache.caffeine.CaffeineCacheManager to the classpath.
2024-09-09 16:04:29.348 INFO  main o.s.b.a.e.web.EndpointLinksResolver : Exposing 17 endpoints beneath base path '/actuator'
2024-09-09 16:04:29.539 INFO  main o.s.c.n.eureka.InstanceInfoFactory : Setting initial instance status as: STARTING
2024-09-09 16:04:29.603 INFO  main c.netflix.discovery.DiscoveryClient : Initializing Eureka in region us-east-1
2024-09-09 16:04:29.625 INFO  main c.n.d.s.r.aws.ConfigClusterResolver : Resolving eureka endpoints via configuration
2024-09-09 16:04:29.641 INFO  main c.netflix.discovery.DiscoveryClient : Disable delta property : false
2024-09-09 16:04:29.641 INFO  main c.netflix.discovery.DiscoveryClient : Single vip registry refresh property : null
2024-09-09 16:04:29.641 INFO  main c.netflix.discovery.DiscoveryClient : Force full registry fetch : false
2024-09-09 16:04:29.641 INFO  main c.netflix.discovery.DiscoveryClient : Application is null : false
2024-09-09 16:04:29.641 INFO  main c.netflix.discovery.DiscoveryClient : Registered Applications size is zero : true
2024-09-09 16:04:29.642 INFO  main c.netflix.discovery.DiscoveryClient : Application version is -1: true
2024-09-09 16:04:29.642 INFO  main c.netflix.discovery.DiscoveryClient : Getting all instance registry info from the eureka server
2024-09-09 16:04:30.327 INFO  main c.netflix.discovery.DiscoveryClient : The response status is 200
2024-09-09 16:04:30.330 INFO  main c.netflix.discovery.DiscoveryClient : Starting heartbeat executor: renew interval is: 30
2024-09-09 16:04:30.334 INFO  main c.n.discovery.InstanceInfoReplicator : InstanceInfoReplicator onDemand update allowed rate per min is 4
2024-09-09 16:04:30.336 INFO  main c.netflix.discovery.DiscoveryClient : Discovery Client initialized at timestamp 1725878070336 with initial instances count: 3
2024-09-09 16:04:30.344 INFO  main o.s.c.n.e.s.EurekaServiceRegistry : Registering application FILE-HANDLER with eureka with status UP
2024-09-09 16:04:30.345 INFO  main c.netflix.discovery.DiscoveryClient : Saw local status change event StatusChangeEvent [timestamp=1725878070345, current=UP, previous=STARTING]
2024-09-09 16:04:30.348 INFO  DiscoveryClient-InstanceInfoReplicator-%d c.netflix.discovery.DiscoveryClient : DiscoveryClient_FILE-HANDLER/host.docker.internal:file-handler:80: registering service...
2024-09-09 16:04:30.381 INFO  main c.D.F.FileHandlerApplicationTests : Started FileHandlerApplicationTests in 19.208 seconds (process running for 24.745)
2024-09-09 16:04:30.602 INFO  DiscoveryClient-InstanceInfoReplicator-%d c.netflix.discovery.DiscoveryClient : DiscoveryClient_FILE-HANDLER/host.docker.internal:file-handler:80 - registration status: 204
]]></system-out>
    <system-err><![CDATA[WARNING: A Java agent has been loaded dynamically (C:\Users\intern2\.m2\repository\net\bytebuddy\byte-buddy-agent\1.14.18\byte-buddy-agent-1.14.18.jar)
WARNING: If a serviceability tool is in use, please run with -XX:+EnableDynamicAgentLoading to hide this warning
WARNING: If a serviceability tool is not in use, please run with -Djdk.instrument.traceUsage for more information
WARNING: Dynamic loading of agents will be disallowed by default in a future release
]]></system-err>
  </testcase>
</testsuite>